<<<<<<< HEAD
{"level":"info","message":"Dentro de user by id controller"}
info:[13/Nov/2023:12:55:12 -0400] Dentro de user by id controller
info:[13/Nov/2023:14:00:09 -0400] Dentro de create cuser controller
info:[13/Nov/2023:14:00:09 -0400] En create user service
info:[13/Nov/2023:14:00:09 -0400] En create user repository
debug:[13/Nov/2023:14:00:09 -0400] Respuesta de DB userEntity
debug:[13/Nov/2023:14:00:09 -0400] Respuesta de DB userResponse
debug:[13/Nov/2023:14:00:09 -0400] Usuario regresado por repository
info:[13/Nov/2023:14:02:33 -0400] Dentro de create cuser controller
info:[13/Nov/2023:14:02:33 -0400] En create user service
info:[13/Nov/2023:14:02:33 -0400] En create user repository
debug:[13/Nov/2023:14:02:33 -0400] Respuesta de DB userEntity {"username":"pepe","email":"perez3@gmail.com","passwordHash":"vivian123","createdAt":"2023-11-13T18:02:33.694Z","lastLogin":null,"roleId":69}
debug:[13/Nov/2023:14:02:33 -0400] Respuesta de DB userResponse
debug:[13/Nov/2023:14:02:33 -0400] Usuario regresado por repository
info:[13/Nov/2023:14:10:35 -0400] Dentro de user by id controller
info:[13/Nov/2023:14:10:35 -0400] En get user by id service
debug:[13/Nov/2023:14:10:35 -0400] Respuesta de DB:{"id":"d21d27de-a9dc-400c-977f-73b4a5c1c038","username":"pepe","email":"perez3@gmail.com","passwordHash":"vivian123","createdAt":"2023-11-13T18:02:34.000Z","lastLogin":null,"roleId":"69"}
debug:[13/Nov/2023:14:10:35 -0400] Usuario regresado por repository {"id":"d21d27de-a9dc-400c-977f-73b4a5c1c038","username":"pepe","email":"perez3@gmail.com","passwordHash":"vivian123","createdAt":"2023-11-13T18:02:34.000Z","lastLogin":null,"roleId":"69"}
debug:[13/Nov/2023:14:10:35 -0400] Usuario enviado por userService {"id":"d21d27de-a9dc-400c-977f-73b4a5c1c038","username":"pepe","email":"perez3@gmail.com","lastLogin":null}
info:[14/Nov/2023:12:05:04 -0400] Dentro de create user controller
info:[14/Nov/2023:12:05:04 -0400] En create user service
info:[14/Nov/2023:12:05:04 -0400] En create user repository
debug:[14/Nov/2023:12:05:04 -0400] Respuesta de DB userEntity {"username":"pepe","email":"perez4@gmail.com","passwordHash":"vivian123","createdAt":"2023-11-14T16:05:04.565Z","lastLogin":null,"roleId":69}
debug:[14/Nov/2023:12:05:04 -0400] Respuesta de DB userResponse {"username":"pepe","email":"perez4@gmail.com","passwordHash":"vivian123","createdAt":"2023-11-14T16:05:04.565Z","lastLogin":null,"roleId":69,"id":"a5ae5158-0ebf-479b-a7f1-f507efa9f0f3"}
debug:[14/Nov/2023:12:05:04 -0400] Create user Service: Usuario regresado por repository {"id":"a5ae5158-0ebf-479b-a7f1-f507efa9f0f3","username":"pepe","email":"perez4@gmail.com","passwordHash":"vivian123","createdAt":"2023-11-14T16:05:04.565Z","lastLogin":null,"roleId":69}
debug:[14/Nov/2023:12:05:04 -0400] Usuario enviado por userService {"id":"a5ae5158-0ebf-479b-a7f1-f507efa9f0f3","username":"pepe","email":"perez4@gmail.com","lastLogin":null}
info:[14/Nov/2023:12:06:13 -0400] Dentro de update user controller
info:[14/Nov/2023:12:06:13 -0400] En update user service
info:[14/Nov/2023:12:06:13 -0400] En find by id user repository
debug:[14/Nov/2023:12:06:13 -0400] Respuesta de DB:{"id":"f25f9f9b-0af0-43b2-9952-428d7a803a9f","username":"pepe","email":"perez1@gmail.com","passwordHash":"vivian123","createdAt":"2023-11-13T16:42:36.000Z","lastLogin":null,"roleId":"69"}
debug:[14/Nov/2023:12:06:13 -0400] Update usr service: Usuario regresado por repository {"id":"f25f9f9b-0af0-43b2-9952-428d7a803a9f","username":"pepe","email":"perez1@gmail.com","passwordHash":"vivian123","createdAt":"2023-11-13T16:42:36.000Z","lastLogin":null,"roleId":"69"}
info:[14/Nov/2023:12:06:13 -0400] En update user repository
debug:[14/Nov/2023:12:06:13 -0400] Respuesta de DB userEntity {}
debug:[14/Nov/2023:12:06:13 -0400] Respuesta de DB:{"id":"f25f9f9b-0af0-43b2-9952-428d7a803a9f","username":"pepe","email":"perez1@gmail.com","passwordHash":"vivian123","createdAt":"2023-11-13T16:42:36.000Z","lastLogin":null,"roleId":"69"}
debug:[14/Nov/2023:12:06:13 -0400] Update user Service: Usuario regresado por repository {"id":"f25f9f9b-0af0-43b2-9952-428d7a803a9f","username":"pepe","email":"perez1@gmail.com","passwordHash":"vivian123","createdAt":"2023-11-13T16:42:36.000Z","lastLogin":null,"roleId":"69"}
debug:[14/Nov/2023:12:06:13 -0400] Usuario enviado por userService {"id":"f25f9f9b-0af0-43b2-9952-428d7a803a9f","username":"pepe","email":"perez1@gmail.com","lastLogin":null}
info:[14/Nov/2023:12:06:17 -0400] Dentro de update user controller
info:[14/Nov/2023:12:06:17 -0400] En update user service
info:[14/Nov/2023:12:06:17 -0400] En find by id user repository
debug:[14/Nov/2023:12:06:17 -0400] Respuesta de DB:{"id":"f25f9f9b-0af0-43b2-9952-428d7a803a9f","username":"juancito","email":"perez1@gmail.com","passwordHash":"vivian123","createdAt":"2023-11-13T16:42:36.000Z","lastLogin":null,"roleId":"69"}
debug:[14/Nov/2023:12:06:17 -0400] Update usr service: Usuario regresado por repository {"id":"f25f9f9b-0af0-43b2-9952-428d7a803a9f","username":"juancito","email":"perez1@gmail.com","passwordHash":"vivian123","createdAt":"2023-11-13T16:42:36.000Z","lastLogin":null,"roleId":"69"}
info:[14/Nov/2023:12:06:17 -0400] En update user repository
debug:[14/Nov/2023:12:06:17 -0400] Respuesta de DB userEntity {}
debug:[14/Nov/2023:12:06:17 -0400] Respuesta de DB:{"id":"f25f9f9b-0af0-43b2-9952-428d7a803a9f","username":"juancito","email":"perez1@gmail.com","passwordHash":"vivian123","createdAt":"2023-11-13T16:42:36.000Z","lastLogin":null,"roleId":"69"}
debug:[14/Nov/2023:12:06:17 -0400] Update user Service: Usuario regresado por repository {"id":"f25f9f9b-0af0-43b2-9952-428d7a803a9f","username":"juancito","email":"perez1@gmail.com","passwordHash":"vivian123","createdAt":"2023-11-13T16:42:36.000Z","lastLogin":null,"roleId":"69"}
debug:[14/Nov/2023:12:06:17 -0400] Usuario enviado por userService {"id":"f25f9f9b-0af0-43b2-9952-428d7a803a9f","username":"juancito","email":"perez1@gmail.com","lastLogin":null}
info:[14/Nov/2023:12:06:19 -0400] Dentro de update user controller
info:[14/Nov/2023:12:06:19 -0400] En update user service
info:[14/Nov/2023:12:06:19 -0400] En find by id user repository
debug:[14/Nov/2023:12:06:19 -0400] Respuesta de DB:{"id":"f25f9f9b-0af0-43b2-9952-428d7a803a9f","username":"juancito","email":"perez1@gmail.com","passwordHash":"vivian123","createdAt":"2023-11-13T16:42:36.000Z","lastLogin":null,"roleId":"69"}
debug:[14/Nov/2023:12:06:19 -0400] Update usr service: Usuario regresado por repository {"id":"f25f9f9b-0af0-43b2-9952-428d7a803a9f","username":"juancito","email":"perez1@gmail.com","passwordHash":"vivian123","createdAt":"2023-11-13T16:42:36.000Z","lastLogin":null,"roleId":"69"}
info:[14/Nov/2023:12:06:19 -0400] En update user repository
debug:[14/Nov/2023:12:06:19 -0400] Respuesta de DB userEntity {}
debug:[14/Nov/2023:12:06:19 -0400] Respuesta de DB:{"id":"f25f9f9b-0af0-43b2-9952-428d7a803a9f","username":"juancito","email":"perez1@gmail.com","passwordHash":"vivian123","createdAt":"2023-11-13T16:42:36.000Z","lastLogin":null,"roleId":"69"}
debug:[14/Nov/2023:12:06:19 -0400] Update user Service: Usuario regresado por repository {"id":"f25f9f9b-0af0-43b2-9952-428d7a803a9f","username":"juancito","email":"perez1@gmail.com","passwordHash":"vivian123","createdAt":"2023-11-13T16:42:36.000Z","lastLogin":null,"roleId":"69"}
debug:[14/Nov/2023:12:06:19 -0400] Usuario enviado por userService {"id":"f25f9f9b-0af0-43b2-9952-428d7a803a9f","username":"juancito","email":"perez1@gmail.com","lastLogin":null}
info:[14/Nov/2023:12:06:19 -0400] Dentro de update user controller
info:[14/Nov/2023:12:06:19 -0400] En update user service
info:[14/Nov/2023:12:06:19 -0400] En find by id user repository
debug:[14/Nov/2023:12:06:19 -0400] Respuesta de DB:{"id":"f25f9f9b-0af0-43b2-9952-428d7a803a9f","username":"juancito","email":"perez1@gmail.com","passwordHash":"vivian123","createdAt":"2023-11-13T16:42:36.000Z","lastLogin":null,"roleId":"69"}
debug:[14/Nov/2023:12:06:19 -0400] Update usr service: Usuario regresado por repository {"id":"f25f9f9b-0af0-43b2-9952-428d7a803a9f","username":"juancito","email":"perez1@gmail.com","passwordHash":"vivian123","createdAt":"2023-11-13T16:42:36.000Z","lastLogin":null,"roleId":"69"}
info:[14/Nov/2023:12:06:19 -0400] En update user repository
debug:[14/Nov/2023:12:06:19 -0400] Respuesta de DB userEntity {}
debug:[14/Nov/2023:12:06:19 -0400] Respuesta de DB:{"id":"f25f9f9b-0af0-43b2-9952-428d7a803a9f","username":"juancito","email":"perez1@gmail.com","passwordHash":"vivian123","createdAt":"2023-11-13T16:42:36.000Z","lastLogin":null,"roleId":"69"}
debug:[14/Nov/2023:12:06:19 -0400] Update user Service: Usuario regresado por repository {"id":"f25f9f9b-0af0-43b2-9952-428d7a803a9f","username":"juancito","email":"perez1@gmail.com","passwordHash":"vivian123","createdAt":"2023-11-13T16:42:36.000Z","lastLogin":null,"roleId":"69"}
debug:[14/Nov/2023:12:06:19 -0400] Usuario enviado por userService {"id":"f25f9f9b-0af0-43b2-9952-428d7a803a9f","username":"juancito","email":"perez1@gmail.com","lastLogin":null}
info:[14/Nov/2023:12:06:20 -0400] Dentro de update user controller
info:[14/Nov/2023:12:06:20 -0400] En update user service
info:[14/Nov/2023:12:06:20 -0400] En find by id user repository
debug:[14/Nov/2023:12:06:20 -0400] Respuesta de DB:{"id":"f25f9f9b-0af0-43b2-9952-428d7a803a9f","username":"juancito","email":"perez1@gmail.com","passwordHash":"vivian123","createdAt":"2023-11-13T16:42:36.000Z","lastLogin":null,"roleId":"69"}
debug:[14/Nov/2023:12:06:20 -0400] Update usr service: Usuario regresado por repository {"id":"f25f9f9b-0af0-43b2-9952-428d7a803a9f","username":"juancito","email":"perez1@gmail.com","passwordHash":"vivian123","createdAt":"2023-11-13T16:42:36.000Z","lastLogin":null,"roleId":"69"}
info:[14/Nov/2023:12:06:20 -0400] En update user repository
debug:[14/Nov/2023:12:06:20 -0400] Respuesta de DB userEntity {}
debug:[14/Nov/2023:12:06:20 -0400] Respuesta de DB:{"id":"f25f9f9b-0af0-43b2-9952-428d7a803a9f","username":"juancito","email":"perez1@gmail.com","passwordHash":"vivian123","createdAt":"2023-11-13T16:42:36.000Z","lastLogin":null,"roleId":"69"}
debug:[14/Nov/2023:12:06:20 -0400] Update user Service: Usuario regresado por repository {"id":"f25f9f9b-0af0-43b2-9952-428d7a803a9f","username":"juancito","email":"perez1@gmail.com","passwordHash":"vivian123","createdAt":"2023-11-13T16:42:36.000Z","lastLogin":null,"roleId":"69"}
debug:[14/Nov/2023:12:06:20 -0400] Usuario enviado por userService {"id":"f25f9f9b-0af0-43b2-9952-428d7a803a9f","username":"juancito","email":"perez1@gmail.com","lastLogin":null}
info:[14/Nov/2023:12:06:45 -0400] Dentro de update user controller
info:[14/Nov/2023:12:06:45 -0400] En update user service
info:[14/Nov/2023:12:06:45 -0400] En find by id user repository
debug:[14/Nov/2023:12:06:45 -0400] Respuesta de DB:{"id":"f25f9f9b-0af0-43b2-9952-428d7a803a9f","username":"juancito","email":"perez1@gmail.com","passwordHash":"vivian123","createdAt":"2023-11-13T16:42:36.000Z","lastLogin":null,"roleId":"69"}
debug:[14/Nov/2023:12:06:45 -0400] Update usr service: Usuario regresado por repository {"id":"f25f9f9b-0af0-43b2-9952-428d7a803a9f","username":"juancito","email":"perez1@gmail.com","passwordHash":"vivian123","createdAt":"2023-11-13T16:42:36.000Z","lastLogin":null,"roleId":"69"}
info:[14/Nov/2023:12:06:45 -0400] En update user repository
debug:[14/Nov/2023:12:06:45 -0400] Respuesta de DB userEntity {}
debug:[14/Nov/2023:12:06:45 -0400] Respuesta de DB:{"id":"f25f9f9b-0af0-43b2-9952-428d7a803a9f","username":"juancito","email":"perez1@gmail.com","passwordHash":"vivian123","createdAt":"2023-11-13T16:42:36.000Z","lastLogin":null,"roleId":"69"}
debug:[14/Nov/2023:12:06:45 -0400] Update user Service: Usuario regresado por repository {"id":"f25f9f9b-0af0-43b2-9952-428d7a803a9f","username":"juancito","email":"perez1@gmail.com","passwordHash":"vivian123","createdAt":"2023-11-13T16:42:36.000Z","lastLogin":null,"roleId":"69"}
debug:[14/Nov/2023:12:06:45 -0400] Usuario enviado por userService {"id":"f25f9f9b-0af0-43b2-9952-428d7a803a9f","username":"juancito","email":"perez1@gmail.com","lastLogin":null}
info:[14/Nov/2023:12:06:46 -0400] Dentro de update user controller
info:[14/Nov/2023:12:06:46 -0400] En update user service
info:[14/Nov/2023:12:06:46 -0400] En find by id user repository
debug:[14/Nov/2023:12:06:46 -0400] Respuesta de DB:{"id":"f25f9f9b-0af0-43b2-9952-428d7a803a9f","username":"juanPerez","email":"perez1@gmail.com","passwordHash":"vivian123","createdAt":"2023-11-13T16:42:36.000Z","lastLogin":null,"roleId":"69"}
debug:[14/Nov/2023:12:06:46 -0400] Update usr service: Usuario regresado por repository {"id":"f25f9f9b-0af0-43b2-9952-428d7a803a9f","username":"juanPerez","email":"perez1@gmail.com","passwordHash":"vivian123","createdAt":"2023-11-13T16:42:36.000Z","lastLogin":null,"roleId":"69"}
info:[14/Nov/2023:12:06:46 -0400] En update user repository
debug:[14/Nov/2023:12:06:46 -0400] Respuesta de DB userEntity {}
debug:[14/Nov/2023:12:06:46 -0400] Respuesta de DB:{"id":"f25f9f9b-0af0-43b2-9952-428d7a803a9f","username":"juanPerez","email":"perez1@gmail.com","passwordHash":"vivian123","createdAt":"2023-11-13T16:42:36.000Z","lastLogin":null,"roleId":"69"}
debug:[14/Nov/2023:12:06:46 -0400] Update user Service: Usuario regresado por repository {"id":"f25f9f9b-0af0-43b2-9952-428d7a803a9f","username":"juanPerez","email":"perez1@gmail.com","passwordHash":"vivian123","createdAt":"2023-11-13T16:42:36.000Z","lastLogin":null,"roleId":"69"}
debug:[14/Nov/2023:12:06:46 -0400] Usuario enviado por userService {"id":"f25f9f9b-0af0-43b2-9952-428d7a803a9f","username":"juanPerez","email":"perez1@gmail.com","lastLogin":null}
info:[14/Nov/2023:12:07:13 -0400] Dentro de update user controller
info:[14/Nov/2023:12:07:13 -0400] En update user service
info:[14/Nov/2023:12:07:13 -0400] En find by id user repository
debug:[14/Nov/2023:12:07:13 -0400] Respuesta de DB:{"id":"f25f9f9b-0af0-43b2-9952-428d7a803a9f","username":"juanPerez","email":"perez1@gmail.com","passwordHash":"vivian123","createdAt":"2023-11-13T16:42:36.000Z","lastLogin":null,"roleId":"69"}
debug:[14/Nov/2023:12:07:13 -0400] Update usr service: Usuario regresado por repository {"id":"f25f9f9b-0af0-43b2-9952-428d7a803a9f","username":"juanPerez","email":"perez1@gmail.com","passwordHash":"vivian123","createdAt":"2023-11-13T16:42:36.000Z","lastLogin":null,"roleId":"69"}
info:[14/Nov/2023:12:07:13 -0400] En update user repository
debug:[14/Nov/2023:12:07:13 -0400] Respuesta de DB userEntity {}
debug:[14/Nov/2023:12:07:13 -0400] Respuesta de DB:{"id":"f25f9f9b-0af0-43b2-9952-428d7a803a9f","username":"juanPerez","email":"perez1@gmail.com","passwordHash":"vivian123","createdAt":"2023-11-13T16:42:36.000Z","lastLogin":null,"roleId":"69"}
debug:[14/Nov/2023:12:07:13 -0400] Update user Service: Usuario regresado por repository {"id":"f25f9f9b-0af0-43b2-9952-428d7a803a9f","username":"juanPerez","email":"perez1@gmail.com","passwordHash":"vivian123","createdAt":"2023-11-13T16:42:36.000Z","lastLogin":null,"roleId":"69"}
debug:[14/Nov/2023:12:07:13 -0400] Usuario enviado por userService {"id":"f25f9f9b-0af0-43b2-9952-428d7a803a9f","username":"juanPerez","email":"perez1@gmail.com","lastLogin":null}
info:[14/Nov/2023:12:07:15 -0400] Dentro de update user controller
info:[14/Nov/2023:12:07:15 -0400] En update user service
info:[14/Nov/2023:12:07:15 -0400] En find by id user repository
debug:[14/Nov/2023:12:07:15 -0400] Respuesta de DB:{"id":"f25f9f9b-0af0-43b2-9952-428d7a803a9f","username":"juanPerez2","email":"perez1@gmail.com","passwordHash":"vivian123","createdAt":"2023-11-13T16:42:36.000Z","lastLogin":null,"roleId":"69"}
debug:[14/Nov/2023:12:07:15 -0400] Update usr service: Usuario regresado por repository {"id":"f25f9f9b-0af0-43b2-9952-428d7a803a9f","username":"juanPerez2","email":"perez1@gmail.com","passwordHash":"vivian123","createdAt":"2023-11-13T16:42:36.000Z","lastLogin":null,"roleId":"69"}
info:[14/Nov/2023:12:07:15 -0400] En update user repository
debug:[14/Nov/2023:12:07:15 -0400] Respuesta de DB userEntity {}
debug:[14/Nov/2023:12:07:15 -0400] Respuesta de DB:{"id":"f25f9f9b-0af0-43b2-9952-428d7a803a9f","username":"juanPerez2","email":"perez1@gmail.com","passwordHash":"vivian123","createdAt":"2023-11-13T16:42:36.000Z","lastLogin":null,"roleId":"69"}
debug:[14/Nov/2023:12:07:15 -0400] Update user Service: Usuario regresado por repository {"id":"f25f9f9b-0af0-43b2-9952-428d7a803a9f","username":"juanPerez2","email":"perez1@gmail.com","passwordHash":"vivian123","createdAt":"2023-11-13T16:42:36.000Z","lastLogin":null,"roleId":"69"}
debug:[14/Nov/2023:12:07:15 -0400] Usuario enviado por userService {"id":"f25f9f9b-0af0-43b2-9952-428d7a803a9f","username":"juanPerez2","email":"perez1@gmail.com","lastLogin":null}
info:[14/Nov/2023:12:08:45 -0400] Dentro de delete user by id controller
info:[14/Nov/2023:12:08:45 -0400] En delete user by id service
info:[14/Nov/2023:12:08:45 -0400] En delete user repository
debug:[14/Nov/2023:12:08:45 -0400] Respuesta de DB:{"raw":[],"affected":1}
debug:[14/Nov/2023:12:08:45 -0400] Delete usr service: Mensaje regresado por repository {"raw":[],"affected":1}
debug:[14/Nov/2023:12:08:45 -0400] Usuario enviado por userService {"message":[]}
info:[14/Nov/2023:12:08:52 -0400] Dentro de user by id controller
info:[14/Nov/2023:12:08:52 -0400] En get user by id service
info:[14/Nov/2023:12:08:52 -0400] En find by id user repository
debug:[14/Nov/2023:12:08:52 -0400] Respuesta de DB:null
error:[14/Nov/2023:12:08:52 -0400] Error al conseguir usuario
info:[14/Nov/2023:12:14:04 -0400] Dentro de update user controller
info:[14/Nov/2023:12:14:04 -0400] En update user service
info:[14/Nov/2023:12:14:04 -0400] En find by id user repository
debug:[14/Nov/2023:12:14:04 -0400] Respuesta de DB:{"id":"a5ae5158-0ebf-479b-a7f1-f507efa9f0f3","username":"pepe","email":"perez4@gmail.com","passwordHash":"vivian123","createdAt":"2023-11-14T16:05:05.000Z","lastLogin":null,"roleId":"69"}
debug:[14/Nov/2023:12:14:04 -0400] Update usr service: Usuario regresado por repository {"id":"a5ae5158-0ebf-479b-a7f1-f507efa9f0f3","username":"pepe","email":"perez4@gmail.com","passwordHash":"vivian123","createdAt":"2023-11-14T16:05:05.000Z","lastLogin":null,"roleId":"69"}
info:[14/Nov/2023:12:14:04 -0400] En update user repository
debug:[14/Nov/2023:12:14:04 -0400] Respuesta de DB userEntity {"generatedMaps":[],"raw":[],"affected":1}
debug:[14/Nov/2023:12:14:04 -0400] Respuesta de DB:{"id":"a5ae5158-0ebf-479b-a7f1-f507efa9f0f3","username":"juanPerez2","email":"perez4@gmail.com","passwordHash":"vivian123","createdAt":"2023-11-14T16:05:05.000Z","lastLogin":null,"roleId":"69"}
debug:[14/Nov/2023:12:14:04 -0400] Update user Service: Usuario regresado por repository {"id":"a5ae5158-0ebf-479b-a7f1-f507efa9f0f3","username":"juanPerez2","email":"perez4@gmail.com","passwordHash":"vivian123","createdAt":"2023-11-14T16:05:05.000Z","lastLogin":null,"roleId":"69"}
debug:[14/Nov/2023:12:14:04 -0400] Usuario enviado por userService {"id":"a5ae5158-0ebf-479b-a7f1-f507efa9f0f3","username":"juanPerez2","email":"perez4@gmail.com","lastLogin":null}
info:[14/Nov/2023:12:14:19 -0400] Dentro de update user controller
info:[14/Nov/2023:12:14:19 -0400] En update user service
info:[14/Nov/2023:12:14:19 -0400] En find by id user repository
debug:[14/Nov/2023:12:14:19 -0400] Respuesta de DB:{"id":"a5ae5158-0ebf-479b-a7f1-f507efa9f0f3","username":"juanPerez2","email":"perez4@gmail.com","passwordHash":"vivian123","createdAt":"2023-11-14T16:05:05.000Z","lastLogin":null,"roleId":"69"}
debug:[14/Nov/2023:12:14:19 -0400] Update usr service: Usuario regresado por repository {"id":"a5ae5158-0ebf-479b-a7f1-f507efa9f0f3","username":"juanPerez2","email":"perez4@gmail.com","passwordHash":"vivian123","createdAt":"2023-11-14T16:05:05.000Z","lastLogin":null,"roleId":"69"}
info:[14/Nov/2023:12:14:19 -0400] En update user repository
debug:[14/Nov/2023:12:14:19 -0400] Respuesta de DB userEntity {"generatedMaps":[],"raw":[],"affected":1}
debug:[14/Nov/2023:12:14:19 -0400] Respuesta de DB:{"id":"a5ae5158-0ebf-479b-a7f1-f507efa9f0f3","username":"juanPerez4","email":"perez4@gmail.com","passwordHash":"vivian123","createdAt":"2023-11-14T16:05:05.000Z","lastLogin":null,"roleId":"69"}
debug:[14/Nov/2023:12:14:19 -0400] Update user Service: Usuario regresado por repository {"id":"a5ae5158-0ebf-479b-a7f1-f507efa9f0f3","username":"juanPerez4","email":"perez4@gmail.com","passwordHash":"vivian123","createdAt":"2023-11-14T16:05:05.000Z","lastLogin":null,"roleId":"69"}
debug:[14/Nov/2023:12:14:19 -0400] Usuario enviado por userService {"id":"a5ae5158-0ebf-479b-a7f1-f507efa9f0f3","username":"juanPerez4","email":"perez4@gmail.com","lastLogin":null}
info:[14/Nov/2023:12:22:55 -0400] Dentro de update user controller
info:[14/Nov/2023:12:22:55 -0400] En update user service
info:[14/Nov/2023:12:22:55 -0400] En find by id user repository
debug:[14/Nov/2023:12:22:55 -0400] Respuesta de DB:{"id":"a5ae5158-0ebf-479b-a7f1-f507efa9f0f3","username":"juanPerez4","email":"perez4@gmail.com","passwordHash":"vivian123","createdAt":"2023-11-14T16:05:05.000Z","lastLogin":null,"roleId":"69"}
debug:[14/Nov/2023:12:22:55 -0400] Update usr service: Usuario regresado por repository {"id":"a5ae5158-0ebf-479b-a7f1-f507efa9f0f3","username":"juanPerez4","email":"perez4@gmail.com","passwordHash":"vivian123","createdAt":"2023-11-14T16:05:05.000Z","lastLogin":null,"roleId":"69"}
info:[14/Nov/2023:12:22:55 -0400] En update user repository
debug:[14/Nov/2023:12:22:55 -0400] Respuesta de DB userEntity {"generatedMaps":[],"raw":[],"affected":1}
debug:[14/Nov/2023:12:22:55 -0400] Respuesta de DB:{"id":"a5ae5158-0ebf-479b-a7f1-f507efa9f0f3","username":"juanPerez4","email":"perez14@gmail.com","passwordHash":"vivian123","createdAt":"2023-11-14T16:05:05.000Z","lastLogin":null,"roleId":"69"}
debug:[14/Nov/2023:12:22:55 -0400] Respuesta de DB:{"id":"a5ae5158-0ebf-479b-a7f1-f507efa9f0f3","username":"juanPerez4","email":"perez14@gmail.com","passwordHash":"vivian123","createdAt":"2023-11-14T16:05:05.000Z","lastLogin":null,"roleId":"69"}
debug:[14/Nov/2023:12:22:55 -0400] Update user Service: Usuario regresado por repository {"id":"a5ae5158-0ebf-479b-a7f1-f507efa9f0f3","username":"juanPerez4","email":"perez14@gmail.com","passwordHash":"vivian123","createdAt":"2023-11-14T16:05:05.000Z","lastLogin":null,"roleId":"69"}
debug:[14/Nov/2023:12:22:55 -0400] Usuario enviado por userService {"id":"a5ae5158-0ebf-479b-a7f1-f507efa9f0f3","username":"juanPerez4","email":"perez14@gmail.com","lastLogin":null}
info:[14/Nov/2023:12:23:08 -0400] Dentro de update user controller
info:[14/Nov/2023:12:23:08 -0400] En update user service
info:[14/Nov/2023:12:23:08 -0400] En find by id user repository
debug:[14/Nov/2023:12:23:08 -0400] Respuesta de DB:{"id":"a5ae5158-0ebf-479b-a7f1-f507efa9f0f3","username":"juanPerez4","email":"perez14@gmail.com","passwordHash":"vivian123","createdAt":"2023-11-14T16:05:05.000Z","lastLogin":null,"roleId":"69"}
debug:[14/Nov/2023:12:23:08 -0400] Update usr service: Usuario regresado por repository {"id":"a5ae5158-0ebf-479b-a7f1-f507efa9f0f3","username":"juanPerez4","email":"perez14@gmail.com","passwordHash":"vivian123","createdAt":"2023-11-14T16:05:05.000Z","lastLogin":null,"roleId":"69"}
info:[14/Nov/2023:12:23:08 -0400] En update user repository
debug:[14/Nov/2023:12:23:08 -0400] Respuesta de DB userEntity {"generatedMaps":[],"raw":[],"affected":1}
debug:[14/Nov/2023:12:23:08 -0400] Respuesta de DB:{"id":"a5ae5158-0ebf-479b-a7f1-f507efa9f0f3","username":"juanPerez41","email":"perez141@gmail.com","passwordHash":"vivian123","createdAt":"2023-11-14T16:05:05.000Z","lastLogin":null,"roleId":"69"}
debug:[14/Nov/2023:12:23:08 -0400] Respuesta de DB:{"id":"a5ae5158-0ebf-479b-a7f1-f507efa9f0f3","username":"juanPerez41","email":"perez141@gmail.com","passwordHash":"vivian123","createdAt":"2023-11-14T16:05:05.000Z","lastLogin":null,"roleId":"69"}
debug:[14/Nov/2023:12:23:08 -0400] Update user Service: Usuario regresado por repository {"id":"a5ae5158-0ebf-479b-a7f1-f507efa9f0f3","username":"juanPerez41","email":"perez141@gmail.com","passwordHash":"vivian123","createdAt":"2023-11-14T16:05:05.000Z","lastLogin":null,"roleId":"69"}
debug:[14/Nov/2023:12:23:08 -0400] Usuario enviado por userService {"id":"a5ae5158-0ebf-479b-a7f1-f507efa9f0f3","username":"juanPerez41","email":"perez141@gmail.com","lastLogin":null}
info:[14/Nov/2023:12:54:05 -0400] Dentro de create user controller
info:[14/Nov/2023:12:54:05 -0400] En find by id role repository
debug:[14/Nov/2023:12:54:05 -0400] Respuesta de DB:null
error:[14/Nov/2023:12:54:05 -0400] Error al crear usuario: Error: Rol no encontrado
info:[14/Nov/2023:12:55:45 -0400] Dentro de create user controller
info:[14/Nov/2023:12:55:45 -0400] En find by id role repository
debug:[14/Nov/2023:12:55:45 -0400] Respuesta de DB:null
error:[14/Nov/2023:12:55:45 -0400] Error al crear usuario: Error: Rol no encontrado
info:[14/Nov/2023:12:57:08 -0400] Dentro de create role controller
info:[14/Nov/2023:12:57:08 -0400] En create role service
info:[14/Nov/2023:12:57:08 -0400] En create role repository
debug:[14/Nov/2023:12:57:08 -0400] Respuesta de DB roleEntity {"name":"students","description":"Estudiantes de Backend"}
debug:[14/Nov/2023:12:57:09 -0400] Respuesta de DB roleResponse {"name":"students","description":"Estudiantes de Backend","id":"08a905ee-eb2f-4df2-8e80-9f9c70ea0658"}
debug:[14/Nov/2023:12:57:09 -0400] Create role Service: Role regresado por repository {"id":"08a905ee-eb2f-4df2-8e80-9f9c70ea0658","name":"students","description":"Estudiantes de Backend"}
debug:[14/Nov/2023:12:57:09 -0400] Role enviado por userService {"id":"08a905ee-eb2f-4df2-8e80-9f9c70ea0658","name":"students","description":"Estudiantes de Backend"}
info:[14/Nov/2023:12:57:26 -0400] Dentro de create user controller
info:[14/Nov/2023:12:57:26 -0400] En find by id role repository
debug:[14/Nov/2023:12:57:26 -0400] Respuesta de DB:{"id":"08a905ee-eb2f-4df2-8e80-9f9c70ea0658","name":"students","description":"Estudiantes de Backend"}
info:[14/Nov/2023:12:57:26 -0400] En create user repository
debug:[14/Nov/2023:12:57:26 -0400] Respuesta de DB userEntity {"username":"pepe","email":"perez44@gmail.com","passwordHash":"vivian123","createdAt":"2023-11-14T16:57:26.854Z","lastLogin":null,"roleId":{"id":"08a905ee-eb2f-4df2-8e80-9f9c70ea0658","name":"students","description":"Estudiantes de Backend"}}
debug:[14/Nov/2023:12:57:26 -0400] Respuesta de DB userResponse {"username":"pepe","email":"perez44@gmail.com","passwordHash":"vivian123","createdAt":"2023-11-14T16:57:26.854Z","lastLogin":null,"roleId":{"id":"08a905ee-eb2f-4df2-8e80-9f9c70ea0658","name":"students","description":"Estudiantes de Backend"},"id":"32126ce6-716f-44e1-a8cb-cab6494eb060"}
debug:[14/Nov/2023:12:57:26 -0400] Create user Service: Usuario regresado por repository {"id":"32126ce6-716f-44e1-a8cb-cab6494eb060","username":"pepe","email":"perez44@gmail.com","passwordHash":"vivian123","createdAt":"2023-11-14T16:57:26.854Z","lastLogin":null,"roleId":{"id":"08a905ee-eb2f-4df2-8e80-9f9c70ea0658","name":"students","description":"Estudiantes de Backend"}}
debug:[14/Nov/2023:12:57:26 -0400] Usuario enviado por userService {"id":"32126ce6-716f-44e1-a8cb-cab6494eb060","username":"pepe","email":"perez44@gmail.com","lastLogin":null}
info:[14/Nov/2023:12:57:56 -0400] Dentro de create role controller
info:[14/Nov/2023:12:57:56 -0400] En create role service
info:[14/Nov/2023:12:57:56 -0400] En create role repository
debug:[14/Nov/2023:12:57:56 -0400] Respuesta de DB roleEntity {"name":"admin","description":"Administrador"}
debug:[14/Nov/2023:12:57:56 -0400] Respuesta de DB roleResponse {"name":"admin","description":"Administrador","id":"ea9071ae-93f0-4745-b131-a94fe75b4688"}
debug:[14/Nov/2023:12:57:56 -0400] Create role Service: Role regresado por repository {"id":"ea9071ae-93f0-4745-b131-a94fe75b4688","name":"admin","description":"Administrador"}
debug:[14/Nov/2023:12:57:56 -0400] Role enviado por userService {"id":"ea9071ae-93f0-4745-b131-a94fe75b4688","name":"admin","description":"Administrador"}
info:[14/Nov/2023:12:58:30 -0400] Dentro de update user controller
info:[14/Nov/2023:12:58:30 -0400] En update user service
info:[14/Nov/2023:12:58:30 -0400] En find by id user repository
debug:[14/Nov/2023:12:58:30 -0400] Respuesta de DB:{"id":"a5ae5158-0ebf-479b-a7f1-f507efa9f0f3","username":"juanPerez41","email":"perez141@gmail.com","passwordHash":"vivian123","createdAt":"2023-11-14T16:05:05.000Z","lastLogin":null}
debug:[14/Nov/2023:12:58:30 -0400] Update usr service: Usuario regresado por repository {"id":"a5ae5158-0ebf-479b-a7f1-f507efa9f0f3","username":"juanPerez41","email":"perez141@gmail.com","passwordHash":"vivian123","createdAt":"2023-11-14T16:05:05.000Z","lastLogin":null}
info:[14/Nov/2023:12:58:30 -0400] En find by id role repository
debug:[14/Nov/2023:12:58:30 -0400] Respuesta de DB:{"id":"ea9071ae-93f0-4745-b131-a94fe75b4688","name":"admin","description":"Administrador"}
info:[14/Nov/2023:12:58:30 -0400] En update user repository
debug:[14/Nov/2023:12:58:30 -0400] Respuesta de DB userEntity {"generatedMaps":[],"raw":[],"affected":1}
debug:[14/Nov/2023:12:58:30 -0400] Respuesta de DB:{"id":"a5ae5158-0ebf-479b-a7f1-f507efa9f0f3","username":"juanPerez41","email":"perez141@gmail.com","passwordHash":"vivian123","createdAt":"2023-11-14T16:05:05.000Z","lastLogin":null}
debug:[14/Nov/2023:12:58:30 -0400] Respuesta de DB:{"id":"a5ae5158-0ebf-479b-a7f1-f507efa9f0f3","username":"juanPerez41","email":"perez141@gmail.com","passwordHash":"vivian123","createdAt":"2023-11-14T16:05:05.000Z","lastLogin":null}
debug:[14/Nov/2023:12:58:30 -0400] Update user Service: Usuario regresado por repository {"id":"a5ae5158-0ebf-479b-a7f1-f507efa9f0f3","username":"juanPerez41","email":"perez141@gmail.com","passwordHash":"vivian123","createdAt":"2023-11-14T16:05:05.000Z","lastLogin":null}
debug:[14/Nov/2023:12:58:30 -0400] Usuario enviado por userService {"id":"a5ae5158-0ebf-479b-a7f1-f507efa9f0f3","username":"juanPerez41","email":"perez141@gmail.com","lastLogin":null}
info:[14/Nov/2023:12:59:22 -0400] Dentro de update user controller
info:[14/Nov/2023:12:59:22 -0400] En update user service
info:[14/Nov/2023:12:59:22 -0400] En find by id user repository
debug:[14/Nov/2023:12:59:22 -0400] Respuesta de DB:{"id":"a5ae5158-0ebf-479b-a7f1-f507efa9f0f3","username":"juanPerez41","email":"perez141@gmail.com","passwordHash":"vivian123","createdAt":"2023-11-14T16:05:05.000Z","lastLogin":null}
debug:[14/Nov/2023:12:59:22 -0400] Update usr service: Usuario regresado por repository {"id":"a5ae5158-0ebf-479b-a7f1-f507efa9f0f3","username":"juanPerez41","email":"perez141@gmail.com","passwordHash":"vivian123","createdAt":"2023-11-14T16:05:05.000Z","lastLogin":null}
info:[14/Nov/2023:12:59:22 -0400] En find by id role repository
debug:[14/Nov/2023:12:59:22 -0400] Respuesta de DB:{"id":"ea9071ae-93f0-4745-b131-a94fe75b4688","name":"admin","description":"Administrador"}
info:[14/Nov/2023:12:59:22 -0400] En update user repository
debug:[14/Nov/2023:12:59:22 -0400] Respuesta de DB userEntity {"generatedMaps":[],"raw":[],"affected":1}
debug:[14/Nov/2023:12:59:22 -0400] Respuesta de DB:{"id":"a5ae5158-0ebf-479b-a7f1-f507efa9f0f3","username":"juanPerez41","email":"perez141@gmail.com","passwordHash":"holiiii","createdAt":"2023-11-14T16:05:05.000Z","lastLogin":null}
debug:[14/Nov/2023:12:59:22 -0400] Respuesta de DB:{"id":"a5ae5158-0ebf-479b-a7f1-f507efa9f0f3","username":"juanPerez41","email":"perez141@gmail.com","passwordHash":"holiiii","createdAt":"2023-11-14T16:05:05.000Z","lastLogin":null}
debug:[14/Nov/2023:12:59:22 -0400] Update user Service: Usuario regresado por repository {"id":"a5ae5158-0ebf-479b-a7f1-f507efa9f0f3","username":"juanPerez41","email":"perez141@gmail.com","passwordHash":"holiiii","createdAt":"2023-11-14T16:05:05.000Z","lastLogin":null}
debug:[14/Nov/2023:12:59:22 -0400] Usuario enviado por userService {"id":"a5ae5158-0ebf-479b-a7f1-f507efa9f0f3","username":"juanPerez41","email":"perez141@gmail.com","lastLogin":null}
info:[14/Nov/2023:12:59:52 -0400] Dentro de create role controller
info:[14/Nov/2023:12:59:52 -0400] En create role service
info:[14/Nov/2023:12:59:52 -0400] En create role repository
debug:[14/Nov/2023:12:59:52 -0400] Respuesta de DB roleEntity {"name":"professor","description":"Profesores de la institucion"}
debug:[14/Nov/2023:12:59:52 -0400] Respuesta de DB roleResponse {"name":"professor","description":"Profesores de la institucion","id":"4ffcdafe-c9c9-452f-9eff-d00cbbea22c7"}
debug:[14/Nov/2023:12:59:52 -0400] Create role Service: Role regresado por repository {"id":"4ffcdafe-c9c9-452f-9eff-d00cbbea22c7","name":"professor","description":"Profesores de la institucion"}
debug:[14/Nov/2023:12:59:52 -0400] Role enviado por userService {"id":"4ffcdafe-c9c9-452f-9eff-d00cbbea22c7","name":"professor","description":"Profesores de la institucion"}
info:[14/Nov/2023:13:00:10 -0400] Dentro de update user controller
info:[14/Nov/2023:13:00:10 -0400] En update user service
info:[14/Nov/2023:13:00:10 -0400] En find by id user repository
debug:[14/Nov/2023:13:00:10 -0400] Respuesta de DB:{"id":"a5ae5158-0ebf-479b-a7f1-f507efa9f0f3","username":"juanPerez41","email":"perez141@gmail.com","passwordHash":"holiiii","createdAt":"2023-11-14T16:05:05.000Z","lastLogin":null}
debug:[14/Nov/2023:13:00:10 -0400] Update usr service: Usuario regresado por repository {"id":"a5ae5158-0ebf-479b-a7f1-f507efa9f0f3","username":"juanPerez41","email":"perez141@gmail.com","passwordHash":"holiiii","createdAt":"2023-11-14T16:05:05.000Z","lastLogin":null}
info:[14/Nov/2023:13:00:10 -0400] En find by id role repository
debug:[14/Nov/2023:13:00:10 -0400] Respuesta de DB:{"id":"4ffcdafe-c9c9-452f-9eff-d00cbbea22c7","name":"professor","description":"Profesores de la institucion"}
info:[14/Nov/2023:13:00:10 -0400] En update user repository
debug:[14/Nov/2023:13:00:10 -0400] Respuesta de DB userEntity {"generatedMaps":[],"raw":[],"affected":1}
debug:[14/Nov/2023:13:00:10 -0400] Respuesta de DB:{"id":"a5ae5158-0ebf-479b-a7f1-f507efa9f0f3","username":"juanPerez41","email":"perez141@gmail.com","passwordHash":"holiiii","createdAt":"2023-11-14T16:05:05.000Z","lastLogin":null}
debug:[14/Nov/2023:13:00:10 -0400] Respuesta de DB:{"id":"a5ae5158-0ebf-479b-a7f1-f507efa9f0f3","username":"juanPerez41","email":"perez141@gmail.com","passwordHash":"holiiii","createdAt":"2023-11-14T16:05:05.000Z","lastLogin":null}
debug:[14/Nov/2023:13:00:10 -0400] Update user Service: Usuario regresado por repository {"id":"a5ae5158-0ebf-479b-a7f1-f507efa9f0f3","username":"juanPerez41","email":"perez141@gmail.com","passwordHash":"holiiii","createdAt":"2023-11-14T16:05:05.000Z","lastLogin":null}
debug:[14/Nov/2023:13:00:10 -0400] Usuario enviado por userService {"id":"a5ae5158-0ebf-479b-a7f1-f507efa9f0f3","username":"juanPerez41","email":"perez141@gmail.com","lastLogin":null}
info:[14/Nov/2023:13:13:16 -0400] Dentro de update user controller
info:[14/Nov/2023:13:13:16 -0400] En update user service
info:[14/Nov/2023:13:13:16 -0400] En find by id user repository
debug:[14/Nov/2023:13:13:16 -0400] Respuesta de DB:{"id":"a5ae5158-0ebf-479b-a7f1-f507efa9f0f3","username":"juanPerez41","email":"perez141@gmail.com","passwordHash":"holiiii","createdAt":"2023-11-14T16:05:05.000Z","lastLogin":null}
debug:[14/Nov/2023:13:13:16 -0400] Update usr service: Usuario regresado por repository {"id":"a5ae5158-0ebf-479b-a7f1-f507efa9f0f3","username":"juanPerez41","email":"perez141@gmail.com","passwordHash":"holiiii","createdAt":"2023-11-14T16:05:05.000Z","lastLogin":null}
info:[14/Nov/2023:13:13:16 -0400] En find by id role repository
debug:[14/Nov/2023:13:13:16 -0400] Respuesta de DB:{"id":"08a905ee-eb2f-4df2-8e80-9f9c70ea0658","name":"students","description":"Estudiantes de Backend"}
info:[14/Nov/2023:13:13:16 -0400] En update user repository
debug:[14/Nov/2023:13:13:16 -0400] Respuesta de DB userEntity {"generatedMaps":[],"raw":[],"affected":1}
debug:[14/Nov/2023:13:13:16 -0400] Respuesta de DB:{"id":"a5ae5158-0ebf-479b-a7f1-f507efa9f0f3","username":"juanPerez41","email":"perez141@gmail.com","passwordHash":"holiiii","createdAt":"2023-11-14T16:05:05.000Z","lastLogin":null}
debug:[14/Nov/2023:13:13:16 -0400] Respuesta de DB:{"id":"a5ae5158-0ebf-479b-a7f1-f507efa9f0f3","username":"juanPerez41","email":"perez141@gmail.com","passwordHash":"holiiii","createdAt":"2023-11-14T16:05:05.000Z","lastLogin":null}
debug:[14/Nov/2023:13:13:16 -0400] Update user Service: Usuario regresado por repository {"id":"a5ae5158-0ebf-479b-a7f1-f507efa9f0f3","username":"juanPerez41","email":"perez141@gmail.com","passwordHash":"holiiii","createdAt":"2023-11-14T16:05:05.000Z","lastLogin":null}
debug:[14/Nov/2023:13:13:16 -0400] Usuario enviado por userService {"id":"a5ae5158-0ebf-479b-a7f1-f507efa9f0f3","username":"juanPerez41","email":"perez141@gmail.com","lastLogin":null}
info:[14/Nov/2023:13:13:43 -0400] Dentro de update user controller
info:[14/Nov/2023:13:13:43 -0400] En update user service
info:[14/Nov/2023:13:13:43 -0400] En find by id user repository
debug:[14/Nov/2023:13:13:43 -0400] Respuesta de DB:{"id":"a5ae5158-0ebf-479b-a7f1-f507efa9f0f3","username":"juanPerez41","email":"perez141@gmail.com","passwordHash":"holiiii","createdAt":"2023-11-14T16:05:05.000Z","lastLogin":null}
debug:[14/Nov/2023:13:13:43 -0400] Update usr service: Usuario regresado por repository {"id":"a5ae5158-0ebf-479b-a7f1-f507efa9f0f3","username":"juanPerez41","email":"perez141@gmail.com","passwordHash":"holiiii","createdAt":"2023-11-14T16:05:05.000Z","lastLogin":null}
info:[14/Nov/2023:13:13:43 -0400] En find by id role repository
debug:[14/Nov/2023:13:13:43 -0400] Respuesta de DB:null
info:[14/Nov/2023:13:13:43 -0400] En update user repository
debug:[14/Nov/2023:13:13:43 -0400] Respuesta de DB userEntity {"generatedMaps":[],"raw":[],"affected":1}
debug:[14/Nov/2023:13:13:43 -0400] Respuesta de DB:{"id":"a5ae5158-0ebf-479b-a7f1-f507efa9f0f3","username":"juanPerez41","email":"perez141@gmail.com","passwordHash":"holiiii","createdAt":"2023-11-14T16:05:05.000Z","lastLogin":null}
debug:[14/Nov/2023:13:13:43 -0400] Respuesta de DB:{"id":"a5ae5158-0ebf-479b-a7f1-f507efa9f0f3","username":"juanPerez41","email":"perez141@gmail.com","passwordHash":"holiiii","createdAt":"2023-11-14T16:05:05.000Z","lastLogin":null}
debug:[14/Nov/2023:13:13:43 -0400] Update user Service: Usuario regresado por repository {"id":"a5ae5158-0ebf-479b-a7f1-f507efa9f0f3","username":"juanPerez41","email":"perez141@gmail.com","passwordHash":"holiiii","createdAt":"2023-11-14T16:05:05.000Z","lastLogin":null}
debug:[14/Nov/2023:13:13:43 -0400] Usuario enviado por userService {"id":"a5ae5158-0ebf-479b-a7f1-f507efa9f0f3","username":"juanPerez41","email":"perez141@gmail.com","lastLogin":null}
info:[14/Nov/2023:13:15:23 -0400] Dentro de update user controller
info:[14/Nov/2023:13:15:23 -0400] En update user service
info:[14/Nov/2023:13:15:23 -0400] En find by id user repository
debug:[14/Nov/2023:13:15:23 -0400] Respuesta de DB:{"id":"a5ae5158-0ebf-479b-a7f1-f507efa9f0f3","username":"juanPerez41","email":"perez141@gmail.com","passwordHash":"holiiii","createdAt":"2023-11-14T16:05:05.000Z","lastLogin":null}
debug:[14/Nov/2023:13:15:23 -0400] Update usr service: Usuario regresado por repository {"id":"a5ae5158-0ebf-479b-a7f1-f507efa9f0f3","username":"juanPerez41","email":"perez141@gmail.com","passwordHash":"holiiii","createdAt":"2023-11-14T16:05:05.000Z","lastLogin":null}
info:[14/Nov/2023:13:15:23 -0400] En find by id role repository
debug:[14/Nov/2023:13:15:23 -0400] Respuesta de DB:{"id":"08a905ee-eb2f-4df2-8e80-9f9c70ea0658","name":"students","description":"Estudiantes de Backend"}
info:[14/Nov/2023:13:15:23 -0400] En update user repository
debug:[14/Nov/2023:13:15:23 -0400] Respuesta de DB userEntity {"generatedMaps":[],"raw":[],"affected":1}
debug:[14/Nov/2023:13:15:23 -0400] Respuesta de DB:{"id":"a5ae5158-0ebf-479b-a7f1-f507efa9f0f3","username":"juanPerez41","email":"perez141@gmail.com","passwordHash":"holiiii","createdAt":"2023-11-14T16:05:05.000Z","lastLogin":null}
debug:[14/Nov/2023:13:15:23 -0400] Respuesta de DB:{"id":"a5ae5158-0ebf-479b-a7f1-f507efa9f0f3","username":"juanPerez41","email":"perez141@gmail.com","passwordHash":"holiiii","createdAt":"2023-11-14T16:05:05.000Z","lastLogin":null}
debug:[14/Nov/2023:13:15:23 -0400] Update user Service: Usuario regresado por repository {"id":"a5ae5158-0ebf-479b-a7f1-f507efa9f0f3","username":"juanPerez41","email":"perez141@gmail.com","passwordHash":"holiiii","createdAt":"2023-11-14T16:05:05.000Z","lastLogin":null}
debug:[14/Nov/2023:13:15:23 -0400] Usuario enviado por userService {"id":"a5ae5158-0ebf-479b-a7f1-f507efa9f0f3","username":"juanPerez41","email":"perez141@gmail.com","lastLogin":null}
info:[14/Nov/2023:13:15:30 -0400] Dentro de update user controller
info:[14/Nov/2023:13:15:30 -0400] En update user service
info:[14/Nov/2023:13:15:30 -0400] En find by id user repository
debug:[14/Nov/2023:13:15:30 -0400] Respuesta de DB:{"id":"a5ae5158-0ebf-479b-a7f1-f507efa9f0f3","username":"juanPerez41","email":"perez141@gmail.com","passwordHash":"holiiii","createdAt":"2023-11-14T16:05:05.000Z","lastLogin":null}
debug:[14/Nov/2023:13:15:30 -0400] Update usr service: Usuario regresado por repository {"id":"a5ae5158-0ebf-479b-a7f1-f507efa9f0f3","username":"juanPerez41","email":"perez141@gmail.com","passwordHash":"holiiii","createdAt":"2023-11-14T16:05:05.000Z","lastLogin":null}
info:[14/Nov/2023:13:15:30 -0400] En find by id role repository
debug:[14/Nov/2023:13:15:30 -0400] Respuesta de DB:null
error:[14/Nov/2023:13:15:30 -0400] Error al actualizar usuario: Error: Rol no encontrado
info:[14/Nov/2023:13:15:37 -0400] Dentro de update user controller
info:[14/Nov/2023:13:15:37 -0400] En update user service
info:[14/Nov/2023:13:15:37 -0400] En find by id user repository
debug:[14/Nov/2023:13:15:37 -0400] Respuesta de DB:{"id":"a5ae5158-0ebf-479b-a7f1-f507efa9f0f3","username":"juanPerez41","email":"perez141@gmail.com","passwordHash":"holiiii","createdAt":"2023-11-14T16:05:05.000Z","lastLogin":null}
debug:[14/Nov/2023:13:15:37 -0400] Update usr service: Usuario regresado por repository {"id":"a5ae5158-0ebf-479b-a7f1-f507efa9f0f3","username":"juanPerez41","email":"perez141@gmail.com","passwordHash":"holiiii","createdAt":"2023-11-14T16:05:05.000Z","lastLogin":null}
info:[14/Nov/2023:13:15:37 -0400] En find by id role repository
debug:[14/Nov/2023:13:15:37 -0400] Respuesta de DB:{"id":"08a905ee-eb2f-4df2-8e80-9f9c70ea0658","name":"students","description":"Estudiantes de Backend"}
info:[14/Nov/2023:13:15:37 -0400] En update user repository
debug:[14/Nov/2023:13:15:37 -0400] Respuesta de DB userEntity {"generatedMaps":[],"raw":[],"affected":1}
debug:[14/Nov/2023:13:15:37 -0400] Respuesta de DB:{"id":"a5ae5158-0ebf-479b-a7f1-f507efa9f0f3","username":"juanPerez41","email":"perez141@gmail.com","passwordHash":"holiiii","createdAt":"2023-11-14T16:05:05.000Z","lastLogin":null}
debug:[14/Nov/2023:13:15:37 -0400] Respuesta de DB:{"id":"a5ae5158-0ebf-479b-a7f1-f507efa9f0f3","username":"juanPerez41","email":"perez141@gmail.com","passwordHash":"holiiii","createdAt":"2023-11-14T16:05:05.000Z","lastLogin":null}
debug:[14/Nov/2023:13:15:37 -0400] Update user Service: Usuario regresado por repository {"id":"a5ae5158-0ebf-479b-a7f1-f507efa9f0f3","username":"juanPerez41","email":"perez141@gmail.com","passwordHash":"holiiii","createdAt":"2023-11-14T16:05:05.000Z","lastLogin":null}
debug:[14/Nov/2023:13:15:37 -0400] Usuario enviado por userService {"id":"a5ae5158-0ebf-479b-a7f1-f507efa9f0f3","username":"juanPerez41","email":"perez141@gmail.com","lastLogin":null}
=======
{"level":"info","message":"Alguna información relevante"}
{"level":"info","message":"::1 - - [13/Nov/2023:02:17:42 +0000] \"GET /users/1 HTTP/1.1\" 304 - \"-\" \"Mozilla/5.0 (Macintosh; Intel Mac OS X 10_15_7) AppleWebKit/537.36 (KHTML, like Gecko) Chrome/119.0.0.0 Safari/537.36\""}
{"level":"info","message":"Alguna información relevante"}
{"level":"info","message":"::1 - - [13/Nov/2023:02:27:44 +0000] \"GET /users/1 HTTP/1.1\" 304 - \"-\" \"Mozilla/5.0 (Macintosh; Intel Mac OS X 10_15_7) AppleWebKit/537.36 (KHTML, like Gecko) Chrome/119.0.0.0 Safari/537.36\""}
{"level":"info","message":"Alguna información relevante"}
{"level":"info","message":"::1 - - [13/Nov/2023:02:28:04 +0000] \"GET /users/1 HTTP/1.1\" 304 - \"-\" \"Mozilla/5.0 (Macintosh; Intel Mac OS X 10_15_7) AppleWebKit/537.36 (KHTML, like Gecko) Chrome/119.0.0.0 Safari/537.36\""}
{"level":"info","message":"Alguna información relevante","timestamp":"2023-11-12 22:28:56"}
{"level":"info","message":"::1 - - [13/Nov/2023:02:28:56 +0000] \"GET /users/1 HTTP/1.1\" 304 - \"-\" \"Mozilla/5.0 (Macintosh; Intel Mac OS X 10_15_7) AppleWebKit/537.36 (KHTML, like Gecko) Chrome/119.0.0.0 Safari/537.36\"","timestamp":"2023-11-12 22:28:56"}
{"level":"info","message":"Alguna información relevante","timestamp":"2023-11-12 22:32:39"}
{"level":"info","message":"::1 - - [13/Nov/2023:02:32:39 +0000] \"GET /users/1 HTTP/1.1\" 304 - \"-\" \"Mozilla/5.0 (Macintosh; Intel Mac OS X 10_15_7) AppleWebKit/537.36 (KHTML, like Gecko) Chrome/119.0.0.0 Safari/537.36\"","timestamp":"2023-11-12 22:32:39"}
{"level":"info","message":"Alguna información relevante","timestamp":"2023-11-12 22:32:55"}
{"level":"info","message":"::1 - - [13/Nov/2023:02:32:55 +0000] \"GET /users/1 HTTP/1.1\" 304 - \"-\" \"Mozilla/5.0 (Macintosh; Intel Mac OS X 10_15_7) AppleWebKit/537.36 (KHTML, like Gecko) Chrome/119.0.0.0 Safari/537.36\"","timestamp":"2023-11-12 22:32:55"}
{"level":"info","message":"Alguna información relevante","timestamp":"2023-11-12 22:34:05"}
{"level":"info","message":"::1 - - [13/Nov/2023:02:34:05 +0000] \"GET /users/1 HTTP/1.1\" 304 - \"-\" \"Mozilla/5.0 (Macintosh; Intel Mac OS X 10_15_7) AppleWebKit/537.36 (KHTML, like Gecko) Chrome/119.0.0.0 Safari/537.36\"","timestamp":"2023-11-12 22:34:05"}
{"level":"info","message":"Alguna información relevante","timestamp":"2023-11-12 22:34:45"}
{"level":"info","message":"::1 - - [13/Nov/2023:02:34:45 +0000] \"GET /users/1 HTTP/1.1\" 304 - \"-\" \"Mozilla/5.0 (Macintosh; Intel Mac OS X 10_15_7) AppleWebKit/537.36 (KHTML, like Gecko) Chrome/119.0.0.0 Safari/537.36\"","timestamp":"2023-11-12 22:34:45"}
info:[12/Nov/2023:22:35:35 -0400] Alguna información relevante
info:[12/Nov/2023:22:35:35 -0400] ::1 - - [13/Nov/2023:02:35:35 +0000] "GET /users/1 HTTP/1.1" 304 - "-" "Mozilla/5.0 (Macintosh; Intel Mac OS X 10_15_7) AppleWebKit/537.36 (KHTML, like Gecko) Chrome/119.0.0.0 Safari/537.36"
info:[12/Nov/2023:22:35:40 -0400] Alguna información relevante
info:[12/Nov/2023:22:35:40 -0400] ::1 - - [13/Nov/2023:02:35:40 +0000] "GET /users/1 HTTP/1.1" 304 - "-" "Mozilla/5.0 (Macintosh; Intel Mac OS X 10_15_7) AppleWebKit/537.36 (KHTML, like Gecko) Chrome/119.0.0.0 Safari/537.36"
info:[12/Nov/2023:22:36:36 -0400] Alguna información relevante
info:[12/Nov/2023:22:36:36 -0400] ::1 - - [13/Nov/2023:02:36:36 +0000] "GET /users/1 HTTP/1.1" 304 - "-" "Mozilla/5.0 (Macintosh; Intel Mac OS X 10_15_7) AppleWebKit/537.36 (KHTML, like Gecko) Chrome/119.0.0.0 Safari/537.36"
info222:[12/Nov/2023:22:36:53 -0400] Alguna información relevante
info222:[12/Nov/2023:22:36:54 -0400] ::1 - - [13/Nov/2023:02:36:54 +0000] "GET /users/1 HTTP/1.1" 304 - "-" "Mozilla/5.0 (Macintosh; Intel Mac OS X 10_15_7) AppleWebKit/537.36 (KHTML, like Gecko) Chrome/119.0.0.0 Safari/537.36"
info222:[12/Nov/2023:22:37:15 -0400] Alguna información relevante
info222:[12/Nov/2023:22:37:15 -0400] ::1 - - [13/Nov/2023:02:37:15 +0000] "GET /users/1 HTTP/1.1" 304 - "-" "Mozilla/5.0 (Macintosh; Intel Mac OS X 10_15_7) AppleWebKit/537.36 (KHTML, like Gecko) Chrome/119.0.0.0 Safari/537.36"
info222:[12/Nov/2023:22:37:24 -0400] Alguna información relevante
info222:[12/Nov/2023:22:37:24 -0400] ::1 - - [13/Nov/2023:02:37:24 +0000] "GET /users/1 HTTP/1.1" 304 - "-" "Mozilla/5.0 (Macintosh; Intel Mac OS X 10_15_7) AppleWebKit/537.36 (KHTML, like Gecko) Chrome/119.0.0.0 Safari/537.36"
info:[12/Nov/2023:22:39:34 -0400] Alguna información relevante
info:[12/Nov/2023:22:39:34 -0400] ::1 - - [13/Nov/2023:02:39:34 +0000] "GET /users/1 HTTP/1.1" 304 - "-" "Mozilla/5.0 (Macintosh; Intel Mac OS X 10_15_7) AppleWebKit/537.36 (KHTML, like Gecko) Chrome/119.0.0.0 Safari/537.36"
info:[13/Nov/2023:12:44:49 -0400] Alguna información relevante
info:[13/Nov/2023:12:44:49 -0400] ::1 - - [13/Nov/2023:16:44:49 +0000] "GET /users/1 HTTP/1.1" 304 - "-" "Mozilla/5.0 (Macintosh; Intel Mac OS X 10_15_7) AppleWebKit/537.36 (KHTML, like Gecko) Chrome/119.0.0.0 Safari/537.36"
info: estoy dentro del UserById Controller {"timestamp":"13/Nov/2023:12:46:50 -0400"}
info: Alguna información relevante {"timestamp":"13/Nov/2023:12:46:50 -0400"}
info: ::1 - - [13/Nov/2023:16:46:50 +0000] "GET /users/1 HTTP/1.1" 304 - "-" "Mozilla/5.0 (Macintosh; Intel Mac OS X 10_15_7) AppleWebKit/537.36 (KHTML, like Gecko) Chrome/119.0.0.0 Safari/537.36" {"timestamp":"13/Nov/2023:12:46:50 -0400"}
info: estoy dentro del UserById Controller {"timestamp":"13/Nov/2023:13:01:10 -0400"}
info: Alguna información relevante {"timestamp":"13/Nov/2023:13:01:10 -0400"}
info: ::1 - - [13/Nov/2023:17:01:10 +0000] "GET /users/1 HTTP/1.1" 304 - "-" "Mozilla/5.0 (Macintosh; Intel Mac OS X 10_15_7) AppleWebKit/537.36 (KHTML, like Gecko) Chrome/119.0.0.0 Safari/537.36" {"timestamp":"13/Nov/2023:13:01:10 -0400"}
info: estoy dentro del UserById Controller {"timestamp":"13/Nov/2023:13:02:04 -0400"}
debug: esto es un debug {"timestamp":"13/Nov/2023:13:02:04 -0400"}
info: Alguna información relevante {"timestamp":"13/Nov/2023:13:02:04 -0400"}
info: ::1 - - [13/Nov/2023:17:02:04 +0000] "GET /users/1 HTTP/1.1" 304 - "-" "Mozilla/5.0 (Macintosh; Intel Mac OS X 10_15_7) AppleWebKit/537.36 (KHTML, like Gecko) Chrome/119.0.0.0 Safari/537.36" {"timestamp":"13/Nov/2023:13:02:04 -0400"}
info: estoy dentro del UserById Controller {"timestamp":"13/Nov/2023:13:52:32 -0400"}
info: Alguna información relevante {"timestamp":"13/Nov/2023:13:52:32 -0400"}
info: ::1 - - [13/Nov/2023:17:52:32 +0000] "GET /users/1 HTTP/1.1" 304 - "-" "Mozilla/5.0 (Macintosh; Intel Mac OS X 10_15_7) AppleWebKit/537.36 (KHTML, like Gecko) Chrome/119.0.0.0 Safari/537.36" {"timestamp":"13/Nov/2023:13:52:32 -0400"}
info: estoy dentro del UserById Controller {"timestamp":"13/Nov/2023:13:52:33 -0400"}
info: Alguna información relevante {"timestamp":"13/Nov/2023:13:52:33 -0400"}
info: ::1 - - [13/Nov/2023:17:52:33 +0000] "GET /users/1 HTTP/1.1" 304 - "-" "Mozilla/5.0 (Macintosh; Intel Mac OS X 10_15_7) AppleWebKit/537.36 (KHTML, like Gecko) Chrome/119.0.0.0 Safari/537.36" {"timestamp":"13/Nov/2023:13:52:33 -0400"}
info: estoy dentro del UserById Controller {"timestamp":"13/Nov/2023:13:58:33 -0400"}
debug: esto es un debug {"timestamp":"13/Nov/2023:13:58:33 -0400"}
info: Alguna información relevante {"timestamp":"13/Nov/2023:13:58:33 -0400"}
info: ::1 - - [13/Nov/2023:17:58:33 +0000] "GET /users/1 HTTP/1.1" 304 - "-" "Mozilla/5.0 (Macintosh; Intel Mac OS X 10_15_7) AppleWebKit/537.36 (KHTML, like Gecko) Chrome/119.0.0.0 Safari/537.36" {"timestamp":"13/Nov/2023:13:58:33 -0400"}
debug: Intentando eliminar al usuario con ID: 2 {"timestamp":"13/Nov/2023:21:55:39 -0400"}
debug: UserService: Intentando eliminar al usuario con ID: 2 {"timestamp":"13/Nov/2023:21:55:39 -0400"}
error: UserRepository: Error al eliminar al usuario con ID: 2. {"timestamp":"13/Nov/2023:21:55:39 -0400"}
error: Error al eliminar al usuario con ID: 2. Error: Error: Usuario no encontrado {"timestamp":"13/Nov/2023:21:55:39 -0400"}
info: ::1 - - [14/Nov/2023:01:55:39 +0000] "DELETE /users/2 HTTP/1.1" 500 14 "-" "PostmanRuntime/7.35.0" {"timestamp":"13/Nov/2023:21:55:39 -0400"}
debug: Intentando eliminar al usuario con ID: 1 {"timestamp":"13/Nov/2023:21:56:45 -0400"}
debug: UserService: Intentando eliminar al usuario con ID: 1 {"timestamp":"13/Nov/2023:21:56:45 -0400"}
info: Usuario con ID: 1 eliminado con éxito {"timestamp":"13/Nov/2023:21:56:45 -0400"}
info: ::1 - - [14/Nov/2023:01:56:45 +0000] "DELETE /users/1 HTTP/1.1" 200 42 "-" "PostmanRuntime/7.35.0" {"timestamp":"13/Nov/2023:21:56:45 -0400"}
info: ::1 - - [14/Nov/2023:02:14:12 +0000] "PUT /users/b4f8c0ee-795e-4728-a10b-2a8caa7d1eae HTTP/1.1" 400 1173 "-" "PostmanRuntime/7.35.0" {"timestamp":"13/Nov/2023:22:14:12 -0400"}
info: ::1 - - [14/Nov/2023:02:14:49 +0000] "PUT /users/b4f8c0ee-795e-4728-a10b-2a8caa7d1eae HTTP/1.1" 201 228 "-" "PostmanRuntime/7.35.0" {"timestamp":"13/Nov/2023:22:14:49 -0400"}
debug: Intentando actualizar al usuario con ID: undefined {"timestamp":"13/Nov/2023:22:15:19 -0400"}
debug: UserService: Intentando actualizar al usuario con ID: undefined {"timestamp":"13/Nov/2023:22:15:19 -0400"}
error: Error al actualizar al usuario con ID: undefined. Error: QueryFailedError: ER_DUP_ENTRY: Duplicate entry 'nuevoemail@example.com' for key 'user_entity.IDX_415c35b9b3b6fe45a3b065030f' {"timestamp":"13/Nov/2023:22:15:19 -0400"}
info: ::1 - - [14/Nov/2023:02:15:19 +0000] "PUT /users/b4f8c0ee-795e-4728-a10b-2a8caa7d1eae HTTP/1.1" 500 44 "-" "PostmanRuntime/7.35.0" {"timestamp":"13/Nov/2023:22:15:19 -0400"}
debug: Intentando actualizar al usuario con ID: b4f8c0ee-795e-4728-a10b-2a8caa7d1eae {"timestamp":"13/Nov/2023:22:16:22 -0400"}
debug: UserService: Intentando actualizar al usuario con ID: b4f8c0ee-795e-4728-a10b-2a8caa7d1eae {"timestamp":"13/Nov/2023:22:16:22 -0400"}
error: Error al actualizar al usuario con ID: b4f8c0ee-795e-4728-a10b-2a8caa7d1eae. Error: QueryFailedError: ER_DUP_ENTRY: Duplicate entry 'nuevoemail@example.com' for key 'user_entity.IDX_415c35b9b3b6fe45a3b065030f' {"timestamp":"13/Nov/2023:22:16:22 -0400"}
info: ::1 - - [14/Nov/2023:02:16:22 +0000] "PUT /users/b4f8c0ee-795e-4728-a10b-2a8caa7d1eae HTTP/1.1" 500 44 "-" "PostmanRuntime/7.35.0" {"timestamp":"13/Nov/2023:22:16:22 -0400"}
debug: Intentando actualizar al usuario con ID: b4f8c0ee-795e-4728-a10b-2a8caa7d1eae {"timestamp":"13/Nov/2023:22:16:37 -0400"}
debug: UserService: Intentando actualizar al usuario con ID: b4f8c0ee-795e-4728-a10b-2a8caa7d1eae {"timestamp":"13/Nov/2023:22:16:37 -0400"}
info: Usuario con ID: b4f8c0ee-795e-4728-a10b-2a8caa7d1eae actualizado con éxito {"timestamp":"13/Nov/2023:22:16:37 -0400"}
info: ::1 - - [14/Nov/2023:02:16:37 +0000] "PUT /users/b4f8c0ee-795e-4728-a10b-2a8caa7d1eae HTTP/1.1" 200 233 "-" "PostmanRuntime/7.35.0" {"timestamp":"13/Nov/2023:22:16:37 -0400"}
info: estoy dentro del UserById Controller {"timestamp":"13/Nov/2023:22:51:46 -0400"}
debug: esto es un debug {"timestamp":"13/Nov/2023:22:51:46 -0400"}
info: Alguna información relevante {"timestamp":"13/Nov/2023:22:51:46 -0400"}
info: ::1 - - [14/Nov/2023:02:51:46 +0000] "GET /users/b4f8c0ee-795e-4728-a10b-2a8caa7d1eae HTTP/1.1" 404 28 "-" "PostmanRuntime/7.35.0" {"timestamp":"13/Nov/2023:22:51:46 -0400"}
info: ::1 - - [14/Nov/2023:03:15:28 +0000] "POST /roles HTTP/1.1" 201 100 "-" "PostmanRuntime/7.35.0" {"timestamp":"13/Nov/2023:23:15:28 -0400"}
info: ::1 - - [14/Nov/2023:03:30:02 +0000] "POST /users/b4f8c0ee-795e-4728-a10b-2a8caa7d1eae HTTP/1.1" 404 182 "-" "PostmanRuntime/7.35.0" {"timestamp":"13/Nov/2023:23:30:02 -0400"}
info: ::1 - - [14/Nov/2023:03:30:02 +0000] "POST /users/b4f8c0ee-795e-4728-a10b-2a8caa7d1eae HTTP/1.1" 404 182 "-" "PostmanRuntime/7.35.0" {"timestamp":"13/Nov/2023:23:30:02 -0400"}
info: ::1 - - [14/Nov/2023:03:30:36 +0000] "POST /users HTTP/1.1" 400 14 "-" "PostmanRuntime/7.35.0" {"timestamp":"13/Nov/2023:23:30:36 -0400"}
info: ::1 - - [14/Nov/2023:03:30:59 +0000] "POST /users HTTP/1.1" 400 14 "-" "PostmanRuntime/7.35.0" {"timestamp":"13/Nov/2023:23:30:59 -0400"}
info: ::1 - - [14/Nov/2023:03:31:39 +0000] "POST /users HTTP/1.1" 400 14 "-" "PostmanRuntime/7.35.0" {"timestamp":"13/Nov/2023:23:31:39 -0400"}
info: ::1 - - [14/Nov/2023:03:33:16 +0000] "POST /users HTTP/1.1" 201 320 "-" "PostmanRuntime/7.35.0" {"timestamp":"13/Nov/2023:23:33:16 -0400"}
info: ::1 - - [14/Nov/2023:03:34:14 +0000] "POST /users HTTP/1.1" 400 14 "-" "PostmanRuntime/7.35.0" {"timestamp":"13/Nov/2023:23:34:14 -0400"}
info: ::1 - - [14/Nov/2023:03:35:24 +0000] "POST /users HTTP/1.1" 400 31 "-" "PostmanRuntime/7.35.0" {"timestamp":"13/Nov/2023:23:35:24 -0400"}
info: ::1 - - [14/Nov/2023:03:38:52 +0000] "POST /users HTTP/1.1" 400 31 "-" "PostmanRuntime/7.35.0" {"timestamp":"13/Nov/2023:23:38:52 -0400"}
info: ::1 - - [14/Nov/2023:03:50:01 +0000] "GET /roles/ddf6d54e-d263-4fc1-bd60-6b01a249945e HTTP/1.1" 200 100 "-" "PostmanRuntime/7.35.0" {"timestamp":"13/Nov/2023:23:50:01 -0400"}
info: ::1 - - [14/Nov/2023:03:52:04 +0000] "GET /roles/ddf6d54e-d263-4fc1-bd60-6b01a249945e HTTP/1.1" 200 100 "-" "PostmanRuntime/7.35.0" {"timestamp":"13/Nov/2023:23:52:04 -0400"}
info: ::1 - - [14/Nov/2023:16:40:19 +0000] "POST /roles HTTP/1.1" 201 106 "-" "PostmanRuntime/7.35.0" {"timestamp":"14/Nov/2023:12:40:19 -0400"}
info: ::1 - - [14/Nov/2023:16:40:31 +0000] "GET /roles/1e8f7b0b-9e5d-4e42-ac2f-f4f5aeec191a HTTP/1.1" 200 106 "-" "PostmanRuntime/7.35.0" {"timestamp":"14/Nov/2023:12:40:31 -0400"}
info: ::1 - - [14/Nov/2023:16:41:05 +0000] "POST /users HTTP/1.1" 400 31 "-" "PostmanRuntime/7.35.0" {"timestamp":"14/Nov/2023:12:41:05 -0400"}
info: ::1 - - [14/Nov/2023:16:41:12 +0000] "POST /users HTTP/1.1" 201 301 "-" "PostmanRuntime/7.35.0" {"timestamp":"14/Nov/2023:12:41:12 -0400"}
info: Alguna información relevante {"timestamp":"14/Nov/2023:12:42:09 -0400"}
info: ::1 - - [14/Nov/2023:16:42:09 +0000] "GET /users/563d0adf-469f-4d2f-977d-36c828b901ee HTTP/1.1" 200 121 "-" "PostmanRuntime/7.35.0" {"timestamp":"14/Nov/2023:12:42:09 -0400"}
debug: Intentando actualizar al usuario con ID: 563d0adf-469f-4d2f-977d-36c828b901ee {"timestamp":"14/Nov/2023:12:43:27 -0400"}
debug: UserService: Intentando actualizar al usuario con ID: 563d0adf-469f-4d2f-977d-36c828b901ee {"timestamp":"14/Nov/2023:12:43:27 -0400"}
info: Usuario con ID: 563d0adf-469f-4d2f-977d-36c828b901ee actualizado con éxito {"timestamp":"14/Nov/2023:12:43:27 -0400"}
info: ::1 - - [14/Nov/2023:16:43:27 +0000] "PUT /users/563d0adf-469f-4d2f-977d-36c828b901ee HTTP/1.1" 200 209 "-" "PostmanRuntime/7.35.0" {"timestamp":"14/Nov/2023:12:43:27 -0400"}
debug: Intentando actualizar al usuario con ID: 563d0adf-469f-4d2f-977d-36c828b901ee {"timestamp":"14/Nov/2023:12:44:34 -0400"}
debug: UserService: Intentando actualizar al usuario con ID: 563d0adf-469f-4d2f-977d-36c828b901ee {"timestamp":"14/Nov/2023:12:44:34 -0400"}
info: Usuario con ID: 563d0adf-469f-4d2f-977d-36c828b901ee actualizado con éxito {"timestamp":"14/Nov/2023:12:44:34 -0400"}
info: ::1 - - [14/Nov/2023:16:44:34 +0000] "PUT /users/563d0adf-469f-4d2f-977d-36c828b901ee HTTP/1.1" 200 198 "-" "PostmanRuntime/7.35.0" {"timestamp":"14/Nov/2023:12:44:34 -0400"}
info: ::1 - - [14/Nov/2023:17:38:48 +0000] "POST /users HTTP/1.1" 201 347 "-" "PostmanRuntime/7.35.0" {"timestamp":"14/Nov/2023:13:38:48 -0400"}
info: ::1 - - [15/Nov/2023:13:19:34 +0000] "POST /auth/login HTTP/1.1" 200 6 "-" "PostmanRuntime/7.35.0" {"timestamp":"15/Nov/2023:09:19:34 -0400"}
info: ::1 - - [15/Nov/2023:13:22:56 +0000] "POST /auth/login HTTP/1.1" 200 6 "-" "PostmanRuntime/7.35.0" {"timestamp":"15/Nov/2023:09:22:56 -0400"}
info: ::1 - - [15/Nov/2023:13:24:18 +0000] "POST /auth/login HTTP/1.1" 200 6 "-" "PostmanRuntime/7.35.0" {"timestamp":"15/Nov/2023:09:24:18 -0400"}
info: ::1 - - [15/Nov/2023:13:33:55 +0000] "POST /auth/login HTTP/1.1" 200 194 "-" "PostmanRuntime/7.35.0" {"timestamp":"15/Nov/2023:09:33:55 -0400"}
info: ::1 - - [15/Nov/2023:13:40:25 +0000] "POST /auth/login HTTP/1.1" 200 506 "-" "PostmanRuntime/7.35.0" {"timestamp":"15/Nov/2023:09:40:25 -0400"}
info: ::1 - - [15/Nov/2023:13:44:17 +0000] "POST /auth/login HTTP/1.1" 200 506 "-" "PostmanRuntime/7.35.0" {"timestamp":"15/Nov/2023:09:44:17 -0400"}
info: ::1 - - [15/Nov/2023:13:47:08 +0000] "POST /auth/login HTTP/1.1" 200 326 "-" "PostmanRuntime/7.35.0" {"timestamp":"15/Nov/2023:09:47:08 -0400"}
info: ::1 - - [15/Nov/2023:14:22:23 +0000] "POST /auth/login HTTP/1.1" 404 150 "-" "PostmanRuntime/7.35.0" {"timestamp":"15/Nov/2023:10:22:23 -0400"}
info: ::1 - - [15/Nov/2023:14:22:31 +0000] "POST /api/auth/login HTTP/1.1" 200 326 "-" "PostmanRuntime/7.35.0" {"timestamp":"15/Nov/2023:10:22:31 -0400"}
info: ::1 - - [15/Nov/2023:14:51:30 +0000] "POST /api/auth/login HTTP/1.1" 200 326 "-" "PostmanRuntime/7.35.0" {"timestamp":"15/Nov/2023:10:51:30 -0400"}
info: ::1 - - [15/Nov/2023:14:52:09 +0000] "GET /users/563d0adf-469f-4d2f-977d-36c828b901ee HTTP/1.1" 404 181 "-" "PostmanRuntime/7.35.0" {"timestamp":"15/Nov/2023:10:52:09 -0400"}
info: Alguna información relevante {"timestamp":"15/Nov/2023:10:52:19 -0400"}
info: ::1 - - [15/Nov/2023:14:52:19 +0000] "GET /api/users/563d0adf-469f-4d2f-977d-36c828b901ee HTTP/1.1" 200 123 "-" "PostmanRuntime/7.35.0" {"timestamp":"15/Nov/2023:10:52:19 -0400"}
info: ::1 - - [15/Nov/2023:14:52:23 +0000] "GET /api/users/563d0adf-469f-4d2f-977d-36c828b901ee HTTP/1.1" 403 30 "-" "PostmanRuntime/7.35.0" {"timestamp":"15/Nov/2023:10:52:23 -0400"}
info: Alguna información relevante {"timestamp":"15/Nov/2023:10:52:27 -0400"}
info: ::1 - - [15/Nov/2023:14:52:27 +0000] "GET /api/users/563d0adf-469f-4d2f-977d-36c828b901ee HTTP/1.1" 200 123 "-" "PostmanRuntime/7.35.0" {"timestamp":"15/Nov/2023:10:52:27 -0400"}
info: Alguna información relevante {"timestamp":"15/Nov/2023:11:04:18 -0400"}
info: ::1 - - [15/Nov/2023:15:04:18 +0000] "GET /api/users/563d0adf-469f-4d2f-977d-36c828b901ee HTTP/1.1" 200 123 "-" "PostmanRuntime/7.35.0" {"timestamp":"15/Nov/2023:11:04:18 -0400"}
info: Alguna información relevante {"timestamp":"15/Nov/2023:11:04:55 -0400"}
info: ::1 - - [15/Nov/2023:15:04:55 +0000] "GET /api/users/563d0adf-469f-4d2f-977d-36c828b901ee HTTP/1.1" 200 123 "-" "PostmanRuntime/7.35.0" {"timestamp":"15/Nov/2023:11:04:55 -0400"}
info: ::1 - - [15/Nov/2023:15:27:14 +0000] "POST /api/auth/login HTTP/1.1" 200 326 "-" "PostmanRuntime/7.35.0" {"timestamp":"15/Nov/2023:11:27:14 -0400"}
info: ::1 - - [15/Nov/2023:15:27:17 +0000] "GET /api/users/563d0adf-469f-4d2f-977d-36c828b901ee HTTP/1.1" 403 30 "-" "PostmanRuntime/7.35.0" {"timestamp":"15/Nov/2023:11:27:17 -0400"}
info: ::1 - - [15/Nov/2023:15:27:18 +0000] "GET /api/users/563d0adf-469f-4d2f-977d-36c828b901ee HTTP/1.1" 403 30 "-" "PostmanRuntime/7.35.0" {"timestamp":"15/Nov/2023:11:27:18 -0400"}
info: ::1 - - [15/Nov/2023:15:28:00 +0000] "POST /api/auth/login HTTP/1.1" 200 326 "-" "PostmanRuntime/7.35.0" {"timestamp":"15/Nov/2023:11:28:00 -0400"}
info: ::1 - - [15/Nov/2023:15:28:15 +0000] "POST /auth/login HTTP/1.1" 404 150 "-" "PostmanRuntime/7.35.0" {"timestamp":"15/Nov/2023:11:28:15 -0400"}
info: Alguna información relevante {"timestamp":"15/Nov/2023:11:28:20 -0400"}
info: ::1 - - [15/Nov/2023:15:28:20 +0000] "GET /api/users/563d0adf-469f-4d2f-977d-36c828b901ee HTTP/1.1" 200 123 "-" "PostmanRuntime/7.35.0" {"timestamp":"15/Nov/2023:11:28:20 -0400"}
info: ::1 - - [15/Nov/2023:16:33:40 +0000] "POST /api/auth/login HTTP/1.1" 404 154 "-" "PostmanRuntime/7.35.0" {"timestamp":"15/Nov/2023:12:33:40 -0400"}
info: ::1 - - [15/Nov/2023:16:33:57 +0000] "POST /auth/login HTTP/1.1" 200 326 "-" "PostmanRuntime/7.35.0" {"timestamp":"15/Nov/2023:12:33:57 -0400"}
error: El usuario con el email: paul.landaeta.2@example.com no existe {"timestamp":"15/Nov/2023:12:41:24 -0400"}
error: There is an error in the login process El email o el password son incorrectos {"stack":"Error: El email o el password son incorrectos\n    at AuthService.<anonymous> (/Users/plandaeta/dev/upb/curso-backend/nodejs/sql-app/src/app/services/authService.ts:20:18)\n    at Generator.next (<anonymous>)\n    at fulfilled (/Users/plandaeta/dev/upb/curso-backend/nodejs/sql-app/src/app/services/authService.ts:5:58)\n    at processTicksAndRejections (node:internal/process/task_queues:95:5)","timestamp":"15/Nov/2023:12:41:24 -0400"}
info: ::1 - - [15/Nov/2023:16:41:24 +0000] "POST /auth/login HTTP/1.1" 400 52 "-" "PostmanRuntime/7.35.0" {"timestamp":"15/Nov/2023:12:41:24 -0400"}
info: ::1 - - [15/Nov/2023:17:12:32 +0000] "POST /auth/login HTTP/1.1" 200 326 "-" "PostmanRuntime/7.35.0" {"timestamp":"15/Nov/2023:13:12:32 -0400"}
info: ::1 - - [15/Nov/2023:17:14:11 +0000] "POST /auth/login HTTP/1.1" 200 326 "-" "PostmanRuntime/7.35.0" {"timestamp":"15/Nov/2023:13:14:11 -0400"}
info: ::1 - - [15/Nov/2023:17:14:13 +0000] "POST /auth/login HTTP/1.1" 200 326 "-" "PostmanRuntime/7.35.0" {"timestamp":"15/Nov/2023:13:14:13 -0400"}
info: ::1 - - [15/Nov/2023:17:14:15 +0000] "POST /auth/login HTTP/1.1" 200 326 "-" "PostmanRuntime/7.35.0" {"timestamp":"15/Nov/2023:13:14:15 -0400"}
info: ::1 - - [15/Nov/2023:17:19:06 +0000] "POST /auth/login HTTP/1.1" 200 326 "-" "PostmanRuntime/7.35.0" {"timestamp":"15/Nov/2023:13:19:06 -0400"}
info: ::1 - - [15/Nov/2023:17:19:08 +0000] "POST /auth/login HTTP/1.1" 200 326 "-" "PostmanRuntime/7.35.0" {"timestamp":"15/Nov/2023:13:19:08 -0400"}
info: ::1 - - [15/Nov/2023:17:19:09 +0000] "POST /auth/login HTTP/1.1" 200 326 "-" "PostmanRuntime/7.35.0" {"timestamp":"15/Nov/2023:13:19:09 -0400"}
info: ::1 - - [15/Nov/2023:17:19:09 +0000] "POST /auth/login HTTP/1.1" 200 326 "-" "PostmanRuntime/7.35.0" {"timestamp":"15/Nov/2023:13:19:09 -0400"}
info: ::1 - - [15/Nov/2023:17:19:35 +0000] "POST /auth/login HTTP/1.1" 200 326 "-" "PostmanRuntime/7.35.0" {"timestamp":"15/Nov/2023:13:19:35 -0400"}
info: ::1 - - [15/Nov/2023:17:19:43 +0000] "POST /auth/login HTTP/1.1" 200 326 "-" "PostmanRuntime/7.35.0" {"timestamp":"15/Nov/2023:13:19:43 -0400"}
info: ::1 - - [15/Nov/2023:17:20:31 +0000] "POST /auth/login HTTP/1.1" 200 326 "-" "PostmanRuntime/7.35.0" {"timestamp":"15/Nov/2023:13:20:31 -0400"}
error: La contraseña es incorrecta : paul.landaeta.1@example.com {"timestamp":"15/Nov/2023:13:20:58 -0400"}
error: There is an error in the login process El email o el password son incorrectos {"stack":"Error: El email o el password son incorrectos\n    at AuthService.<anonymous> (/Users/plandaeta/dev/upb/curso-backend/nodejs/sql-app/src/app/services/authService.ts:29:19)\n    at Generator.next (<anonymous>)\n    at fulfilled (/Users/plandaeta/dev/upb/curso-backend/nodejs/sql-app/src/app/services/authService.ts:5:58)","timestamp":"15/Nov/2023:13:20:58 -0400"}
info: ::1 - - [15/Nov/2023:17:20:58 +0000] "POST /auth/login HTTP/1.1" 400 52 "-" "PostmanRuntime/7.35.0" {"timestamp":"15/Nov/2023:13:20:58 -0400"}
error: La contraseña es incorrecta : paul.landaeta.1@example.com {"timestamp":"15/Nov/2023:13:22:42 -0400"}
error: There is an error in the login process El email o el password son incorrectos {"stack":"Error: El email o el password son incorrectos\n    at AuthService.<anonymous> (/Users/plandaeta/dev/upb/curso-backend/nodejs/sql-app/src/app/services/authService.ts:32:19)\n    at Generator.next (<anonymous>)\n    at fulfilled (/Users/plandaeta/dev/upb/curso-backend/nodejs/sql-app/src/app/services/authService.ts:5:58)","timestamp":"15/Nov/2023:13:22:42 -0400"}
info: ::1 - - [15/Nov/2023:17:22:42 +0000] "POST /auth/login HTTP/1.1" 400 52 "-" "PostmanRuntime/7.35.0" {"timestamp":"15/Nov/2023:13:22:42 -0400"}
info: ::1 - - [15/Nov/2023:17:23:18 +0000] "POST /auth/login HTTP/1.1" 200 326 "-" "PostmanRuntime/7.35.0" {"timestamp":"15/Nov/2023:13:23:18 -0400"}
error: La contraseña es incorrecta : paul.landaeta.1@example.com {"timestamp":"15/Nov/2023:13:23:32 -0400"}
error: There is an error in the login process El email o el password son incorrectos {"stack":"Error: El email o el password son incorrectos\n    at AuthService.<anonymous> (/Users/plandaeta/dev/upb/curso-backend/nodejs/sql-app/src/app/services/authService.ts:32:19)\n    at Generator.next (<anonymous>)\n    at fulfilled (/Users/plandaeta/dev/upb/curso-backend/nodejs/sql-app/src/app/services/authService.ts:5:58)","timestamp":"15/Nov/2023:13:23:32 -0400"}
info: ::1 - - [15/Nov/2023:17:23:32 +0000] "POST /auth/login HTTP/1.1" 400 52 "-" "PostmanRuntime/7.35.0" {"timestamp":"15/Nov/2023:13:23:32 -0400"}
info: ::1 - - [15/Nov/2023:17:26:00 +0000] "POST /auth/login HTTP/1.1" 200 145 "-" "PostmanRuntime/7.35.0" {"timestamp":"15/Nov/2023:13:26:00 -0400"}
info: ::1 - - [15/Nov/2023:17:26:16 +0000] "POST /auth/login HTTP/1.1" 200 348 "-" "PostmanRuntime/7.35.0" {"timestamp":"15/Nov/2023:13:26:16 -0400"}
>>>>>>> aaa646fa8c6ce9b6c300222b93386f804fc0e67d
