error:[14/Nov/2023:12:08:52 -0400] Error al conseguir usuario
error:[14/Nov/2023:12:54:05 -0400] Error al crear usuario: Error: Rol no encontrado
error:[14/Nov/2023:12:55:45 -0400] Error al crear usuario: Error: Rol no encontrado
error:[14/Nov/2023:13:15:30 -0400] Error al actualizar usuario: Error: Rol no encontrado
error: Error al crear rol: QueryFailedError: ER_DUP_ENTRY: Duplicate entry 'student' for key 'role_entity.IDX_61db0b4faa9a193b713c7f952e' {"description":"Para estudiantes de Backend","name":"student","timestamp":"15/Nov/2023:23:07:16 -0400"}
error: Error al crear rol: QueryFailedError: ER_DUP_ENTRY: Duplicate entry 'student' for key 'role_entity.IDX_61db0b4faa9a193b713c7f952e' {"description":"Para estudiantes de Backend","name":"student","timestamp":"15/Nov/2023:23:08:38 -0400"}
error: Error al crear usuario: Error: Rol no encontrado {"email":"juan@gmail.com","password":"juan","roleId":"{{professor_rol_id}}","timestamp":"15/Nov/2023:23:11:31 -0400","username":"juan"}
error: Error al crear usuario: Error: Rol no encontrado {"email":"juan@gmail.com","password":"juan","roleId":"{{professor_rol_id}}","timestamp":"15/Nov/2023:23:12:46 -0400","username":"juan"}
error: There is an error in the login process Property "role" was not found in "UserEntity". Make sure your query is correct. {"stack":"EntityPropertyNotFoundError: Property \"role\" was not found in \"UserEntity\". Make sure your query is correct.\n    at C:\\Users\\FER\\Desktop\\backend\\Curso-Backend\\nodejs\\sql-app\\src\\query-builder\\SelectQueryBuilder.ts:3911:23\n    at Array.forEach (<anonymous>)\n    at SelectQueryBuilder.buildRelations (C:\\Users\\FER\\Desktop\\backend\\Curso-Backend\\nodejs\\sql-app\\src\\query-builder\\SelectQueryBuilder.ts:3903:32)\n    at SelectQueryBuilder.applyFindOptions (C:\\Users\\FER\\Desktop\\backend\\Curso-Backend\\nodejs\\sql-app\\src\\query-builder\\SelectQueryBuilder.ts:3103:22)\n    at SelectQueryBuilder.setFindOptions (C:\\Users\\FER\\Desktop\\backend\\Curso-Backend\\nodejs\\sql-app\\src\\query-builder\\SelectQueryBuilder.ts:105:14)\n    at EntityManager.findOne (C:\\Users\\FER\\Desktop\\backend\\Curso-Backend\\nodejs\\sql-app\\src\\entity-manager\\EntityManager.ts:1189:14)\n    at Repository.findOne (C:\\Users\\FER\\Desktop\\backend\\Curso-Backend\\nodejs\\sql-app\\src\\repository\\Repository.ts:577:29)\n    at UserRepositoryImpl.<anonymous> (C:\\Users\\FER\\Desktop\\backend\\Curso-Backend\\nodejs\\sql-app\\src\\infrastructure\\repositories\\userRepositoryImpl.ts:30:43)\n    at Generator.next (<anonymous>)\n    at C:\\Users\\FER\\Desktop\\backend\\Curso-Backend\\nodejs\\sql-app\\src\\infrastructure\\repositories\\userRepositoryImpl.ts:8:71","timestamp":"15/Nov/2023:23:16:30 -0400"}
error: Error al actualizar usuario: Error: Rol no encontrado {"timestamp":"15/Nov/2023:23:21:02 -0400","username":"pepe"}
error: Error al actualizar usuario: Error: Rol no encontrado {"timestamp":"15/Nov/2023:23:37:31 -0400","username":"pepe"}
error: Error al actualizar usuario: Error: Rol no encontrado {"timestamp":"15/Nov/2023:23:38:44 -0400","username":"pepe"}
error: Error al actualizar usuario: Error: Rol no encontrado {"timestamp":"15/Nov/2023:23:42:05 -0400","username":"pepe"}
error: Error al actualizar usuario: Error: Rol no encontrado {"timestamp":"15/Nov/2023:23:50:24 -0400","username":"pepe"}
error: Error al actualizar usuario: Error: Rol no encontrado {"timestamp":"16/Nov/2023:00:10:12 -0400","username":"pepe"}
error: Error al actualizar usuario: Error: Rol no encontrado {"timestamp":"16/Nov/2023:00:49:24 -0400","username":"gwen"}
error: Error al actualizar usuario: Error: Rol no encontrado {"timestamp":"16/Nov/2023:00:52:34 -0400","username":"gwen"}
error: Error al actualizar usuario: Error: Rol no encontrado {"timestamp":"16/Nov/2023:00:56:03 -0400","username":"gwen"}
error: Error al actualizar usuario: Error: Rol no encontrado {"timestamp":"16/Nov/2023:00:59:35 -0400","username":"gwen"}
error: Error al actualizar usuario: Error: Rol no encontrado {"timestamp":"16/Nov/2023:01:03:02 -0400","username":"gwen"}
error: Error al actualizar usuario: Error: Rol no encontrado {"timestamp":"16/Nov/2023:01:04:42 -0400","username":"gwen"}
error: Error al crear usuario: Error: Rol no encontrado {"email":"juan2@gmail.com","password":"juan","roleId":"2","timestamp":"16/Nov/2023:01:08:04 -0400","username":"juan"}
error: There is an error in the login process Property "token" was not found in "UserEntity". Make sure your query is correct. {"stack":"EntityPropertyNotFoundError: Property \"token\" was not found in \"UserEntity\". Make sure your query is correct.\n    at C:\\Users\\FER\\Desktop\\backend\\Curso-Backend\\nodejs\\sql-app\\src\\query-builder\\UpdateQueryBuilder.ts:500:31\n    at Array.forEach (<anonymous>)\n    at UpdateQueryBuilder.createUpdateExpression (C:\\Users\\FER\\Desktop\\backend\\Curso-Backend\\nodejs\\sql-app\\src\\query-builder\\UpdateQueryBuilder.ts:493:68)\n    at UpdateQueryBuilder.getQuery (C:\\Users\\FER\\Desktop\\backend\\Curso-Backend\\nodejs\\sql-app\\src\\query-builder\\UpdateQueryBuilder.ts:53:21)\n    at UpdateQueryBuilder.getQueryAndParameters (C:\\Users\\FER\\Desktop\\backend\\Curso-Backend\\nodejs\\sql-app\\src\\query-builder\\QueryBuilder.ts:507:28)\n    at UpdateQueryBuilder.execute (C:\\Users\\FER\\Desktop\\backend\\Curso-Backend\\nodejs\\sql-app\\src\\query-builder\\UpdateQueryBuilder.ts:142:50)","timestamp":"16/Nov/2023:01:15:29 -0400"}
error: Error al actualizar usuario: Error: Rol no encontrado {"timestamp":"16/Nov/2023:01:20:21 -0400","username":"gwen"}
error: Error al crear usuario: Error: Rol no encontrado {"email":"juan3@gmail.com","password":"juan","roleId":"2","timestamp":"16/Nov/2023:01:23:15 -0400","username":"juan"}
error: Error al conseguir usuario {"id":"f25f9f9b-0af0-43b2-9952-428d7a803a9f","timestamp":"20/Nov/2023:13:36:51 -0400"}
